{"C:\\Users\\Breno\\Downloads\\ultimotrabalho\\app-meu-carnaval-final\\src\\components\\Login-card\\Feedback-card.jsx": {"path":"C:\\Users\\Breno\\Downloads\\ultimotrabalho\\app-meu-carnaval-final\\src\\components\\Login-card\\Feedback-card.jsx","statementMap":{"0":{"start":{"line":7,"column":34},"end":{"line":11,"column":4}},"1":{"start":{"line":12,"column":28},"end":{"line":12,"column":40}},"2":{"start":{"line":14,"column":23},"end":{"line":20,"column":3}},"3":{"start":{"line":15,"column":28},"end":{"line":15,"column":36}},"4":{"start":{"line":16,"column":4},"end":{"line":19,"column":8}},"5":{"start":{"line":16,"column":32},"end":{"line":19,"column":5}},"6":{"start":{"line":22,"column":27},"end":{"line":35,"column":3}},"7":{"start":{"line":23,"column":4},"end":{"line":23,"column":23}},"8":{"start":{"line":24,"column":4},"end":{"line":34,"column":5}},"9":{"start":{"line":30,"column":6},"end":{"line":30,"column":25}},"10":{"start":{"line":31,"column":6},"end":{"line":31,"column":19}},"11":{"start":{"line":33,"column":6},"end":{"line":33,"column":54}},"12":{"start":{"line":37,"column":2},"end":{"line":74,"column":4}}},"fnMap":{"0":{"name":"FeedbackForm","decl":{"start":{"line":6,"column":9},"end":{"line":6,"column":21}},"loc":{"start":{"line":6,"column":36},"end":{"line":75,"column":1}},"line":6},"1":{"name":"(anonymous_1)","decl":{"start":{"line":14,"column":23},"end":{"line":14,"column":24}},"loc":{"start":{"line":14,"column":30},"end":{"line":20,"column":3}},"line":14},"2":{"name":"(anonymous_2)","decl":{"start":{"line":16,"column":16},"end":{"line":16,"column":17}},"loc":{"start":{"line":16,"column":32},"end":{"line":19,"column":5}},"line":16},"3":{"name":"(anonymous_3)","decl":{"start":{"line":22,"column":27},"end":{"line":22,"column":28}},"loc":{"start":{"line":22,"column":34},"end":{"line":35,"column":3}},"line":22}},"branchMap":{"0":{"loc":{"start":{"line":24,"column":4},"end":{"line":34,"column":5}},"type":"if","locations":[{"start":{"line":24,"column":4},"end":{"line":34,"column":5}},{"start":{"line":32,"column":11},"end":{"line":34,"column":5}}],"line":24},"1":{"loc":{"start":{"line":25,"column":6},"end":{"line":28,"column":22}},"type":"binary-expr","locations":[{"start":{"line":25,"column":6},"end":{"line":25,"column":19}},{"start":{"line":26,"column":6},"end":{"line":26,"column":34}},{"start":{"line":27,"column":6},"end":{"line":27,"column":37}},{"start":{"line":28,"column":6},"end":{"line":28,"column":22}}],"line":25},"2":{"loc":{"start":{"line":70,"column":9},"end":{"line":70,"column":36}},"type":"binary-expr","locations":[{"start":{"line":70,"column":9},"end":{"line":70,"column":14}},{"start":{"line":70,"column":18},"end":{"line":70,"column":36}}],"line":70}},"s":{"0":11,"1":11,"2":11,"3":6,"4":6,"5":6,"6":11,"7":2,"8":2,"9":1,"10":1,"11":1,"12":11},"f":{"0":11,"1":6,"2":6,"3":2},"b":{"0":[1,1],"1":[2,1,1,1],"2":[11,1]},"_coverageSchema":"1a1c01bbd47fc00a2c39e90264f33305004495a9","hash":"a52081bb4cdab5e5936e73f96af0b3434419e89b"}
,"C:\\Users\\Breno\\Downloads\\ultimotrabalho\\app-meu-carnaval-final\\src\\components\\Login-card\\Login-card.jsx": {"path":"C:\\Users\\Breno\\Downloads\\ultimotrabalho\\app-meu-carnaval-final\\src\\components\\Login-card\\Login-card.jsx","statementMap":{"0":{"start":{"line":6,"column":34},"end":{"line":9,"column":4}},"1":{"start":{"line":10,"column":28},"end":{"line":10,"column":40}},"2":{"start":{"line":12,"column":23},"end":{"line":18,"column":3}},"3":{"start":{"line":13,"column":28},"end":{"line":13,"column":36}},"4":{"start":{"line":14,"column":4},"end":{"line":17,"column":8}},"5":{"start":{"line":14,"column":30},"end":{"line":17,"column":5}},"6":{"start":{"line":20,"column":27},"end":{"line":28,"column":3}},"7":{"start":{"line":21,"column":4},"end":{"line":21,"column":23}},"8":{"start":{"line":22,"column":4},"end":{"line":27,"column":5}},"9":{"start":{"line":23,"column":6},"end":{"line":23,"column":25}},"10":{"start":{"line":24,"column":6},"end":{"line":24,"column":19}},"11":{"start":{"line":26,"column":6},"end":{"line":26,"column":59}},"12":{"start":{"line":30,"column":2},"end":{"line":58,"column":4}}},"fnMap":{"0":{"name":"LoginForm","decl":{"start":{"line":5,"column":9},"end":{"line":5,"column":18}},"loc":{"start":{"line":5,"column":33},"end":{"line":59,"column":1}},"line":5},"1":{"name":"(anonymous_1)","decl":{"start":{"line":12,"column":23},"end":{"line":12,"column":24}},"loc":{"start":{"line":12,"column":30},"end":{"line":18,"column":3}},"line":12},"2":{"name":"(anonymous_2)","decl":{"start":{"line":14,"column":16},"end":{"line":14,"column":17}},"loc":{"start":{"line":14,"column":30},"end":{"line":17,"column":5}},"line":14},"3":{"name":"(anonymous_3)","decl":{"start":{"line":20,"column":27},"end":{"line":20,"column":28}},"loc":{"start":{"line":20,"column":34},"end":{"line":28,"column":3}},"line":20}},"branchMap":{"0":{"loc":{"start":{"line":22,"column":4},"end":{"line":27,"column":5}},"type":"if","locations":[{"start":{"line":22,"column":4},"end":{"line":27,"column":5}},{"start":{"line":25,"column":11},"end":{"line":27,"column":5}}],"line":22},"1":{"loc":{"start":{"line":54,"column":9},"end":{"line":54,"column":36}},"type":"binary-expr","locations":[{"start":{"line":54,"column":9},"end":{"line":54,"column":14}},{"start":{"line":54,"column":18},"end":{"line":54,"column":36}}],"line":54}},"s":{"0":13,"1":13,"2":13,"3":6,"4":6,"5":6,"6":13,"7":4,"8":4,"9":2,"10":2,"11":2,"12":13},"f":{"0":13,"1":6,"2":6,"3":4},"b":{"0":[2,2],"1":[13,3]},"_coverageSchema":"1a1c01bbd47fc00a2c39e90264f33305004495a9","hash":"f511e551723c973c8e308fa1ebcdce94538b84b3"}
}
