TN:
SF:src\components\Login-card\Feedback-card.jsx
FN:6,FeedbackForm
FN:14,(anonymous_1)
FN:16,(anonymous_2)
FN:22,(anonymous_3)
FNF:4
FNH:4
FNDA:11,FeedbackForm
FNDA:6,(anonymous_1)
FNDA:6,(anonymous_2)
FNDA:2,(anonymous_3)
DA:7,11
DA:12,11
DA:14,11
DA:15,6
DA:16,6
DA:22,11
DA:23,2
DA:24,2
DA:30,1
DA:31,1
DA:33,1
DA:37,11
LF:12
LH:12
BRDA:24,0,0,1
BRDA:24,0,1,1
BRDA:25,1,0,2
BRDA:25,1,1,1
BRDA:25,1,2,1
BRDA:25,1,3,1
BRDA:70,2,0,11
BRDA:70,2,1,1
BRF:8
BRH:8
end_of_record
TN:
SF:src\components\Login-card\Login-card.jsx
FN:5,LoginForm
FN:12,(anonymous_1)
FN:14,(anonymous_2)
FN:20,(anonymous_3)
FNF:4
FNH:4
FNDA:13,LoginForm
FNDA:6,(anonymous_1)
FNDA:6,(anonymous_2)
FNDA:4,(anonymous_3)
DA:6,13
DA:10,13
DA:12,13
DA:13,6
DA:14,6
DA:20,13
DA:21,4
DA:22,4
DA:23,2
DA:24,2
DA:26,2
DA:30,13
LF:12
LH:12
BRDA:22,0,0,2
BRDA:22,0,1,2
BRDA:54,1,0,13
BRDA:54,1,1,3
BRF:4
BRH:4
end_of_record
